Generated at 2015-04-28 16:52:52 +0300
NoMethodError: undefined method `[]' for nil:NilClass
/usr/exittask/cookbooks/tomcat/recipes/tomcat_deploy.rb:3:in `from_file'
/usr/local/rvm/gems/ruby-2.2.1/gems/chef-12.2.1/lib/chef/mixin/from_file.rb:30:in `instance_eval'
/usr/local/rvm/gems/ruby-2.2.1/gems/chef-12.2.1/lib/chef/mixin/from_file.rb:30:in `from_file'
/usr/local/rvm/gems/ruby-2.2.1/gems/chef-12.2.1/lib/chef/cookbook_version.rb:228:in `load_recipe'
/usr/local/rvm/gems/ruby-2.2.1/gems/chef-12.2.1/lib/chef/run_context.rb:173:in `load_recipe'
/usr/local/rvm/gems/ruby-2.2.1/gems/chef-12.2.1/lib/chef/run_context/cookbook_compiler.rb:140:in `block in compile_recipes'
/usr/local/rvm/gems/ruby-2.2.1/gems/chef-12.2.1/lib/chef/run_context/cookbook_compiler.rb:138:in `each'
/usr/local/rvm/gems/ruby-2.2.1/gems/chef-12.2.1/lib/chef/run_context/cookbook_compiler.rb:138:in `compile_recipes'
/usr/local/rvm/gems/ruby-2.2.1/gems/chef-12.2.1/lib/chef/run_context/cookbook_compiler.rb:75:in `compile'
/usr/local/rvm/gems/ruby-2.2.1/gems/chef-12.2.1/lib/chef/run_context.rb:96:in `load'
/usr/local/rvm/gems/ruby-2.2.1/gems/chef-12.2.1/lib/chef/policy_builder/expand_node_object.rb:73:in `setup_run_context'
/usr/local/rvm/gems/ruby-2.2.1/gems/chef-12.2.1/lib/chef/client.rb:249:in `setup_run_context'
/usr/local/rvm/gems/ruby-2.2.1/gems/chef-12.2.1/lib/chef/client.rb:446:in `run'
/usr/local/rvm/gems/ruby-2.2.1/gems/chef-12.2.1/lib/chef/application.rb:271:in `block in fork_chef_client'
/usr/local/rvm/gems/ruby-2.2.1/gems/chef-12.2.1/lib/chef/application.rb:259:in `fork'
/usr/local/rvm/gems/ruby-2.2.1/gems/chef-12.2.1/lib/chef/application.rb:259:in `fork_chef_client'
/usr/local/rvm/gems/ruby-2.2.1/gems/chef-12.2.1/lib/chef/application.rb:225:in `block in run_chef_client'
/usr/local/rvm/gems/ruby-2.2.1/gems/chef-12.2.1/lib/chef/local_mode.rb:38:in `with_server_connectivity'
/usr/local/rvm/gems/ruby-2.2.1/gems/chef-12.2.1/lib/chef/application.rb:213:in `run_chef_client'
/usr/local/rvm/gems/ruby-2.2.1/gems/chef-12.2.1/lib/chef/application/solo.rb:275:in `block in interval_run_chef_client'
/usr/local/rvm/gems/ruby-2.2.1/gems/chef-12.2.1/lib/chef/application/solo.rb:264:in `loop'
/usr/local/rvm/gems/ruby-2.2.1/gems/chef-12.2.1/lib/chef/application/solo.rb:264:in `interval_run_chef_client'
/usr/local/rvm/gems/ruby-2.2.1/gems/chef-12.2.1/lib/chef/application/solo.rb:242:in `run_application'
/usr/local/rvm/gems/ruby-2.2.1/gems/chef-12.2.1/lib/chef/application.rb:60:in `run'
/usr/local/rvm/gems/ruby-2.2.1/gems/chef-12.2.1/bin/chef-solo:25:in `<top (required)>'
/usr/local/rvm/gems/ruby-2.2.1/bin/chef-solo:23:in `load'
/usr/local/rvm/gems/ruby-2.2.1/bin/chef-solo:23:in `<main>'
/usr/local/rvm/gems/ruby-2.2.1/bin/ruby_executable_hooks:15:in `eval'
/usr/local/rvm/gems/ruby-2.2.1/bin/ruby_executable_hooks:15:in `<main>'